<?xml version="1.0" encoding="UTF-8"?>
<testng-results ignored="0" total="3" passed="3" failed="0" skipped="0">
  <reporter-output>
  </reporter-output>
  <suite started-at="2021-03-19T01:38:08Z" name="CRMPro Application Test Automation Test Suite" finished-at="2021-03-19T01:38:35Z" duration-ms="26923">
    <groups>
    </groups>
    <test started-at="2021-03-19T01:38:08Z" name="CRMPro App Test Cases" finished-at="2021-03-19T01:38:35Z" duration-ms="26923">
      <class name="com.crm.qa.testcases.LoginPageTest">
        <test-method is-config="true" signature="setUp()[pri:0, instance:com.crm.qa.testcases.LoginPageTest@6a2f6f80]" started-at="2021-03-18T21:38:08Z" name="setUp" finished-at="2021-03-18T21:38:17Z" duration-ms="8480" status="PASS">
          <reporter-output>
          </reporter-output>
        </test-method> <!-- setUp -->
        <test-method signature="loginPageTitleTest()[pri:1, instance:com.crm.qa.testcases.LoginPageTest@6a2f6f80]" started-at="2021-03-18T21:38:17Z" name="loginPageTitleTest" finished-at="2021-03-18T21:38:17Z" duration-ms="287" status="PASS">
          <reporter-output>
          </reporter-output>
        </test-method> <!-- loginPageTitleTest -->
        <test-method is-config="true" signature="tearDown()[pri:0, instance:com.crm.qa.testcases.LoginPageTest@6a2f6f80]" started-at="2021-03-18T21:38:17Z" name="tearDown" finished-at="2021-03-18T21:38:18Z" duration-ms="1366" status="PASS">
          <reporter-output>
          </reporter-output>
        </test-method> <!-- tearDown -->
        <test-method is-config="true" signature="setUp()[pri:0, instance:com.crm.qa.testcases.LoginPageTest@6a2f6f80]" started-at="2021-03-18T21:38:18Z" name="setUp" finished-at="2021-03-18T21:38:23Z" duration-ms="5032" status="PASS">
          <reporter-output>
          </reporter-output>
        </test-method> <!-- setUp -->
        <test-method signature="crmLogoImageTest()[pri:2, instance:com.crm.qa.testcases.LoginPageTest@6a2f6f80]" started-at="2021-03-18T21:38:23Z" name="crmLogoImageTest" finished-at="2021-03-18T21:38:24Z" duration-ms="351" status="PASS">
          <reporter-output>
          </reporter-output>
        </test-method> <!-- crmLogoImageTest -->
        <test-method is-config="true" signature="tearDown()[pri:0, instance:com.crm.qa.testcases.LoginPageTest@6a2f6f80]" started-at="2021-03-18T21:38:24Z" name="tearDown" finished-at="2021-03-18T21:38:25Z" duration-ms="953" status="PASS">
          <reporter-output>
          </reporter-output>
        </test-method> <!-- tearDown -->
        <test-method is-config="true" signature="setUp()[pri:0, instance:com.crm.qa.testcases.LoginPageTest@6a2f6f80]" started-at="2021-03-18T21:38:25Z" name="setUp" finished-at="2021-03-18T21:38:30Z" duration-ms="4815" status="PASS">
          <reporter-output>
          </reporter-output>
        </test-method> <!-- setUp -->
        <test-method signature="loginTest()[pri:3, instance:com.crm.qa.testcases.LoginPageTest@6a2f6f80]" started-at="2021-03-18T21:38:30Z" name="loginTest" finished-at="2021-03-18T21:38:34Z" duration-ms="4290" status="PASS">
          <reporter-output>
          </reporter-output>
        </test-method> <!-- loginTest -->
        <test-method is-config="true" signature="tearDown()[pri:0, instance:com.crm.qa.testcases.LoginPageTest@6a2f6f80]" started-at="2021-03-18T21:38:34Z" name="tearDown" finished-at="2021-03-18T21:38:35Z" duration-ms="1293" status="PASS">
          <reporter-output>
          </reporter-output>
        </test-method> <!-- tearDown -->
      </class> <!-- com.crm.qa.testcases.LoginPageTest -->
    </test> <!-- CRMPro App Test Cases -->
  </suite> <!-- CRMPro Application Test Automation Test Suite -->
</testng-results>
