<?xml version="1.0" encoding="UTF-8"?>
<!-- Generated by org.testng.reporters.JUnitXMLReporter -->
<testsuite ignored="0" hostname="DESKTOP-83PKH6D" failures="0" tests="3" name="CRMPro App Test Cases" time="26.923" errors="0" timestamp="19 Mar. 2021 01:38:35 GMT">
  <testcase classname="com.crm.qa.testcases.LoginPageTest" name="loginPageTitleTest" time="0.287"/>
  <testcase classname="com.crm.qa.testcases.LoginPageTest" name="crmLogoImageTest" time="0.351"/>
  <testcase classname="com.crm.qa.testcases.LoginPageTest" name="loginTest" time="4.29"/>
</testsuite> <!-- CRMPro App Test Cases -->
