<?xml version="1.0" encoding="UTF-8"?>
<!-- Generated by org.testng.reporters.JUnitXMLReporter -->
<testsuite ignored="0" hostname="DESKTOP-83PKH6D" failures="0" tests="3" name="Free CRM App Test Cases" time="27.655" errors="0" timestamp="18 Mar. 2021 23:35:45 GMT">
  <testcase classname="com.crm.qa.testcases.LoginPageTest" name="loginPageTitleTest" time="0.057"/>
  <testcase classname="com.crm.qa.testcases.LoginPageTest" name="crmLogoImageTest" time="0.292"/>
  <testcase classname="com.crm.qa.testcases.LoginPageTest" name="loginTest" time="4.936"/>
</testsuite> <!-- Free CRM App Test Cases -->
